<?xml version="1.0" encoding="UTF-8"?>
<!-- Generated by org.testng.reporters.JUnitReportReporter -->
<testsuite skipped="0" hostname="DESKTOP-BD50LHC" name="jsonparseOperations.SumValidation" tests="1" failures="0" timestamp="2022-03-10T16:01:08 IST" time="9.024" errors="0">
  <testcase name="Validatesum" time="9.024" classname="jsonparseOperations.SumValidation"/>
  <system-out/>
</testsuite> <!-- jsonparseOperations.SumValidation -->
