<?xml version="1.0" encoding="UTF-8"?>
<!-- Generated by org.testng.reporters.JUnitReportReporter -->
<testsuite skipped="1" hostname="DESKTOP-BD50LHC" name="exercise.Dynamicjson" tests="2" failures="0" timestamp="2022-03-10T18:37:10 IST" time="1.172" errors="0">
  <testcase name="updatevabook" time="1.172" classname="exercise.Dynamicjson"/>
  <system-out/>
  <testcase name="addbook" classname="exercise.Dynamicjson">
    <skipped/>
  </testcase> <!-- addbook -->
  <system-out/>
</testsuite> <!-- exercise.Dynamicjson -->
